{
  "C:/Users/Administrator.DESKTOP-C87CPRE/Documents/rsSchool-REACT/cross-chek/react-rs/src/const/form-keys.ts": {
    "path": "C:/Users/Administrator.DESKTOP-C87CPRE/Documents/rsSchool-REACT/cross-chek/react-rs/src/const/form-keys.ts",
    "statementMap": {
      "0": {
        "start": {
          "line": 2,
          "column": 13
        },
        "end": {
          "line": 2,
          "column": 130
        }
      },
      "1": {
        "start": {
          "line": 3,
          "column": 13
        },
        "end": {
          "line": 3,
          "column": 55
        }
      },
      "2": {
        "start": {
          "line": 4,
          "column": 15
        },
        "end": {
          "line": 4,
          "column": 44
        }
      },
      "3": {
        "start": {
          "line": 5,
          "column": 12
        },
        "end": {
          "line": 5,
          "column": 26
        }
      },
      "4": {
        "start": {
          "line": 6,
          "column": 21
        },
        "end": {
          "line": 16,
          "column": 3
        }
      },
      "5": {
        "start": {
          "line": 17,
          "column": 17
        },
        "end": {
          "line": 17,
          "column": 50
        }
      },
      "6": {
        "start": {
          "line": 18,
          "column": 2
        },
        "end": {
          "line": 20,
          "column": 3
        }
      },
      "7": {
        "start": {
          "line": 19,
          "column": 4
        },
        "end": {
          "line": 19,
          "column": 34
        }
      },
      "8": {
        "start": {
          "line": 21,
          "column": 23
        },
        "end": {
          "line": 21,
          "column": 37
        }
      },
      "9": {
        "start": {
          "line": 23,
          "column": 4
        },
        "end": {
          "line": 25,
          "column": 6
        }
      },
      "10": {
        "start": {
          "line": 24,
          "column": 6
        },
        "end": {
          "line": 24,
          "column": 28
        }
      },
      "11": {
        "start": {
          "line": 27,
          "column": 2
        },
        "end": {
          "line": 27,
          "column": 24
        }
      },
      "12": {
        "start": {
          "line": 29,
          "column": 0
        },
        "end": {
          "line": 29,
          "column": 17
        }
      },
      "13": {
        "start": {
          "line": 30,
          "column": 38
        },
        "end": {
          "line": 39,
          "column": 18
        }
      },
      "14": {
        "start": {
          "line": 31,
          "column": 2
        },
        "end": {
          "line": 31,
          "column": 31
        }
      },
      "15": {
        "start": {
          "line": 32,
          "column": 2
        },
        "end": {
          "line": 32,
          "column": 29
        }
      },
      "16": {
        "start": {
          "line": 33,
          "column": 2
        },
        "end": {
          "line": 33,
          "column": 29
        }
      },
      "17": {
        "start": {
          "line": 34,
          "column": 2
        },
        "end": {
          "line": 34,
          "column": 33
        }
      },
      "18": {
        "start": {
          "line": 35,
          "column": 2
        },
        "end": {
          "line": 35,
          "column": 31
        }
      },
      "19": {
        "start": {
          "line": 36,
          "column": 2
        },
        "end": {
          "line": 36,
          "column": 31
        }
      },
      "20": {
        "start": {
          "line": 37,
          "column": 2
        },
        "end": {
          "line": 37,
          "column": 44
        }
      },
      "21": {
        "start": {
          "line": 38,
          "column": 2
        },
        "end": {
          "line": 38,
          "column": 19
        }
      }
    },
    "fnMap": {
      "0": {
        "name": "cov_2o07rls755",
        "decl": {
          "start": {
            "line": 1,
            "column": 9
          },
          "end": {
            "line": 1,
            "column": 23
          }
        },
        "loc": {
          "start": {
            "line": 1,
            "column": 26
          },
          "end": {
            "line": 28,
            "column": 1
          }
        },
        "line": 1
      },
      "1": {
        "name": "(anonymous_1)",
        "decl": {
          "start": {
            "line": 23,
            "column": 21
          },
          "end": {
            "line": 23,
            "column": 22
          }
        },
        "loc": {
          "start": {
            "line": 23,
            "column": 32
          },
          "end": {
            "line": 25,
            "column": 5
          }
        },
        "line": 23
      },
      "2": {
        "name": "(anonymous_2)",
        "decl": {
          "start": {
            "line": 30,
            "column": 39
          },
          "end": {
            "line": 30,
            "column": 40
          }
        },
        "loc": {
          "start": {
            "line": 30,
            "column": 54
          },
          "end": {
            "line": 39,
            "column": 1
          }
        },
        "line": 30
      }
    },
    "branchMap": {
      "0": {
        "loc": {
          "start": {
            "line": 17,
            "column": 17
          },
          "end": {
            "line": 17,
            "column": 50
          }
        },
        "type": "binary-expr",
        "locations": [
          {
            "start": {
              "line": 17,
              "column": 17
            },
            "end": {
              "line": 17,
              "column": 28
            }
          },
          {
            "start": {
              "line": 17,
              "column": 33
            },
            "end": {
              "line": 17,
              "column": 49
            }
          }
        ],
        "line": 17
      },
      "1": {
        "loc": {
          "start": {
            "line": 18,
            "column": 2
          },
          "end": {
            "line": 20,
            "column": 3
          }
        },
        "type": "if",
        "locations": [
          {
            "start": {
              "line": 18,
              "column": 2
            },
            "end": {
              "line": 20,
              "column": 3
            }
          },
          {
            "start": {},
            "end": {}
          }
        ],
        "line": 18
      },
      "2": {
        "loc": {
          "start": {
            "line": 18,
            "column": 6
          },
          "end": {
            "line": 18,
            "column": 53
          }
        },
        "type": "binary-expr",
        "locations": [
          {
            "start": {
              "line": 18,
              "column": 6
            },
            "end": {
              "line": 18,
              "column": 21
            }
          },
          {
            "start": {
              "line": 18,
              "column": 25
            },
            "end": {
              "line": 18,
              "column": 53
            }
          }
        ],
        "line": 18
      },
      "3": {
        "loc": {
          "start": {
            "line": 39,
            "column": 3
          },
          "end": {
            "line": 39,
            "column": 17
          }
        },
        "type": "binary-expr",
        "locations": [
          {
            "start": {
              "line": 39,
              "column": 3
            },
            "end": {
              "line": 39,
              "column": 11
            }
          },
          {
            "start": {
              "line": 39,
              "column": 15
            },
            "end": {
              "line": 39,
              "column": 17
            }
          }
        ],
        "line": 39
      }
    },
    "s": {
      "0": 5,
      "1": 5,
      "2": 5,
      "3": 5,
      "4": 5,
      "5": 5,
      "6": 5,
      "7": 5,
      "8": 5,
      "9": 5,
      "10": 0,
      "11": 5,
      "12": 5,
      "13": 5,
      "14": 5,
      "15": 5,
      "16": 5,
      "17": 5,
      "18": 5,
      "19": 5,
      "20": 5,
      "21": 5
    },
    "f": {
      "0": 5,
      "1": 0,
      "2": 5
    },
    "b": {
      "0": [
        5,
        0
      ],
      "1": [
        5,
        0
      ],
      "2": [
        5,
        0
      ],
      "3": [
        5,
        5
      ]
    },
    "inputSourceMap": {
      "version": 3,
      "mappings": ";;;;;;;;;;;;;;;;;;;;;;AAeYA;AAAA;AAAAC;AAAA;AAAA;AAAA;AAAAD;AAfL,WAAKE,WAAL,kBAAKA,cAAL;AACLC,uBAAQ;AACRC,sBAAO;AACPC,sBAAO;AACPC,wBAAS;AACTC,uBAAQ;AACRC,uBAAQ;AACRC,8BAAe;AAPLP;AAAAA",
      "names": [
        "cov_2o07rls755",
        "actualCoverage",
        "FormKeys",
        "TITLE",
        "DATE",
        "FILE",
        "SELECT",
        "CHECK",
        "RADIO",
        "DESCRIPTIONS"
      ],
      "sources": [
        "C:/Users/Administrator.DESKTOP-C87CPRE/Documents/rsSchool-REACT/cross-chek/react-rs/src/const/form-keys.ts"
      ],
      "file": "C:/Users/Administrator.DESKTOP-C87CPRE/Documents/rsSchool-REACT/cross-chek/react-rs/src/const/form-keys.ts"
    },
    "_coverageSchema": "1a1c01bbd47fc00a2c39e90264f33305004495a9",
    "hash": "43e49d9ac71b9474762d787be21aa67cdd8c5cdb"
  },
  "C:\\Users\\Administrator.DESKTOP-C87CPRE\\Documents\\rsSchool-REACT\\cross-chek\\react-rs\\src\\const\\form-keys.ts": {
    "path": "C:\\Users\\Administrator.DESKTOP-C87CPRE\\Documents\\rsSchool-REACT\\cross-chek\\react-rs\\src\\const\\form-keys.ts",
    "statementMap": {},
    "fnMap": {},
    "branchMap": {},
    "s": {},
    "f": {},
    "b": {},
    "_coverageSchema": "1a1c01bbd47fc00a2c39e90264f33305004495a9",
    "hash": "2f9ef1a67106b8459ef2f9a2f970a312307a3c7a"
  },
  "C:/Users/Administrator.DESKTOP-C87CPRE/Documents/rsSchool-REACT/cross-chek/react-rs/src/const/error-message.ts": {
    "path": "C:/Users/Administrator.DESKTOP-C87CPRE/Documents/rsSchool-REACT/cross-chek/react-rs/src/const/error-message.ts",
    "statementMap": {
      "0": {
        "start": {
          "line": 2,
          "column": 13
        },
        "end": {
          "line": 2,
          "column": 134
        }
      },
      "1": {
        "start": {
          "line": 3,
          "column": 13
        },
        "end": {
          "line": 3,
          "column": 55
        }
      },
      "2": {
        "start": {
          "line": 4,
          "column": 15
        },
        "end": {
          "line": 4,
          "column": 44
        }
      },
      "3": {
        "start": {
          "line": 5,
          "column": 12
        },
        "end": {
          "line": 5,
          "column": 26
        }
      },
      "4": {
        "start": {
          "line": 6,
          "column": 21
        },
        "end": {
          "line": 29,
          "column": 3
        }
      },
      "5": {
        "start": {
          "line": 30,
          "column": 17
        },
        "end": {
          "line": 30,
          "column": 50
        }
      },
      "6": {
        "start": {
          "line": 31,
          "column": 2
        },
        "end": {
          "line": 33,
          "column": 3
        }
      },
      "7": {
        "start": {
          "line": 32,
          "column": 4
        },
        "end": {
          "line": 32,
          "column": 34
        }
      },
      "8": {
        "start": {
          "line": 34,
          "column": 23
        },
        "end": {
          "line": 34,
          "column": 37
        }
      },
      "9": {
        "start": {
          "line": 36,
          "column": 4
        },
        "end": {
          "line": 38,
          "column": 6
        }
      },
      "10": {
        "start": {
          "line": 37,
          "column": 6
        },
        "end": {
          "line": 37,
          "column": 28
        }
      },
      "11": {
        "start": {
          "line": 40,
          "column": 2
        },
        "end": {
          "line": 40,
          "column": 24
        }
      },
      "12": {
        "start": {
          "line": 42,
          "column": 0
        },
        "end": {
          "line": 42,
          "column": 16
        }
      },
      "13": {
        "start": {
          "line": 44,
          "column": 33
        },
        "end": {
          "line": 52,
          "column": 1
        }
      },
      "14": {
        "start": {
          "line": 53,
          "column": 43
        },
        "end": {
          "line": 57,
          "column": 23
        }
      },
      "15": {
        "start": {
          "line": 54,
          "column": 2
        },
        "end": {
          "line": 54,
          "column": 52
        }
      },
      "16": {
        "start": {
          "line": 55,
          "column": 2
        },
        "end": {
          "line": 55,
          "column": 48
        }
      },
      "17": {
        "start": {
          "line": 56,
          "column": 2
        },
        "end": {
          "line": 56,
          "column": 24
        }
      }
    },
    "fnMap": {
      "0": {
        "name": "cov_nbx4hqsqo",
        "decl": {
          "start": {
            "line": 1,
            "column": 9
          },
          "end": {
            "line": 1,
            "column": 22
          }
        },
        "loc": {
          "start": {
            "line": 1,
            "column": 25
          },
          "end": {
            "line": 41,
            "column": 1
          }
        },
        "line": 1
      },
      "1": {
        "name": "(anonymous_1)",
        "decl": {
          "start": {
            "line": 36,
            "column": 20
          },
          "end": {
            "line": 36,
            "column": 21
          }
        },
        "loc": {
          "start": {
            "line": 36,
            "column": 31
          },
          "end": {
            "line": 38,
            "column": 5
          }
        },
        "line": 36
      },
      "2": {
        "name": "(anonymous_2)",
        "decl": {
          "start": {
            "line": 53,
            "column": 44
          },
          "end": {
            "line": 53,
            "column": 45
          }
        },
        "loc": {
          "start": {
            "line": 53,
            "column": 64
          },
          "end": {
            "line": 57,
            "column": 1
          }
        },
        "line": 53
      }
    },
    "branchMap": {
      "0": {
        "loc": {
          "start": {
            "line": 30,
            "column": 17
          },
          "end": {
            "line": 30,
            "column": 50
          }
        },
        "type": "binary-expr",
        "locations": [
          {
            "start": {
              "line": 30,
              "column": 17
            },
            "end": {
              "line": 30,
              "column": 28
            }
          },
          {
            "start": {
              "line": 30,
              "column": 33
            },
            "end": {
              "line": 30,
              "column": 49
            }
          }
        ],
        "line": 30
      },
      "1": {
        "loc": {
          "start": {
            "line": 31,
            "column": 2
          },
          "end": {
            "line": 33,
            "column": 3
          }
        },
        "type": "if",
        "locations": [
          {
            "start": {
              "line": 31,
              "column": 2
            },
            "end": {
              "line": 33,
              "column": 3
            }
          },
          {
            "start": {},
            "end": {}
          }
        ],
        "line": 31
      },
      "2": {
        "loc": {
          "start": {
            "line": 31,
            "column": 6
          },
          "end": {
            "line": 31,
            "column": 53
          }
        },
        "type": "binary-expr",
        "locations": [
          {
            "start": {
              "line": 31,
              "column": 6
            },
            "end": {
              "line": 31,
              "column": 21
            }
          },
          {
            "start": {
              "line": 31,
              "column": 25
            },
            "end": {
              "line": 31,
              "column": 53
            }
          }
        ],
        "line": 31
      },
      "3": {
        "loc": {
          "start": {
            "line": 57,
            "column": 3
          },
          "end": {
            "line": 57,
            "column": 22
          }
        },
        "type": "binary-expr",
        "locations": [
          {
            "start": {
              "line": 57,
              "column": 3
            },
            "end": {
              "line": 57,
              "column": 16
            }
          },
          {
            "start": {
              "line": 57,
              "column": 20
            },
            "end": {
              "line": 57,
              "column": 22
            }
          }
        ],
        "line": 57
      }
    },
    "s": {
      "0": 5,
      "1": 5,
      "2": 5,
      "3": 5,
      "4": 5,
      "5": 5,
      "6": 5,
      "7": 5,
      "8": 5,
      "9": 5,
      "10": 5,
      "11": 5,
      "12": 5,
      "13": 5,
      "14": 5,
      "15": 5,
      "16": 5,
      "17": 5
    },
    "f": {
      "0": 5,
      "1": 5,
      "2": 5
    },
    "b": {
      "0": [
        5,
        0
      ],
      "1": [
        5,
        0
      ],
      "2": [
        5,
        0
      ],
      "3": [
        5,
        5
      ]
    },
    "inputSourceMap": {
      "version": 3,
      "mappings": ";;;;;;;;;;;;;;;;;;;;;;;;;;;;;;;;;;;AAeYA;AAAA;AAAAC;AAAA;AAAA;AAAA;AAAAD;AAfZ,SAASE,gBAAgB;AAElB,aAAMC,oBAA0CH,wBAAG;AAAA,EACxD,CAACE,SAASE,KAAK,GAAG;AAAA,EAClB,CAACF,SAASG,IAAI,GAAG;AAAA,EACjB,CAACH,SAASI,IAAI,GAAG;AAAA,EACjB,CAACJ,SAASK,MAAM,GAAG;AAAA,EACnB,CAACL,SAASM,KAAK,GAAG;AAAA,EAClB,CAACN,SAASO,KAAK,GAAG;AAAA,EAClB,CAACP,SAASQ,YAAY,GAAG;AAC3B;AAEO,WAAKC,gBAAL,kBAAKA,mBAAL;AACLC,gCAAY;AACZC,iCAAa;AAFHF;AAAAA",
      "names": [
        "cov_nbx4hqsqo",
        "actualCoverage",
        "FormKeys",
        "VALIDATE_MESSAGE",
        "TITLE",
        "DATE",
        "FILE",
        "SELECT",
        "CHECK",
        "RADIO",
        "DESCRIPTIONS",
        "REQUEST_ERROR",
        "NOT_FOUND",
        "SERVER_ERR"
      ],
      "sources": [
        "C:/Users/Administrator.DESKTOP-C87CPRE/Documents/rsSchool-REACT/cross-chek/react-rs/src/const/error-message.ts"
      ],
      "file": "C:/Users/Administrator.DESKTOP-C87CPRE/Documents/rsSchool-REACT/cross-chek/react-rs/src/const/error-message.ts"
    },
    "_coverageSchema": "1a1c01bbd47fc00a2c39e90264f33305004495a9",
    "hash": "3a8dd37d7deb81071a2f8174ea7aafc04c19d821"
  },
  "C:\\Users\\Administrator.DESKTOP-C87CPRE\\Documents\\rsSchool-REACT\\cross-chek\\react-rs\\src\\const\\error-message.ts": {
    "path": "C:\\Users\\Administrator.DESKTOP-C87CPRE\\Documents\\rsSchool-REACT\\cross-chek\\react-rs\\src\\const\\error-message.ts",
    "statementMap": {
      "0": {
        "start": {
          "line": 3,
          "column": 58
        },
        "end": {
          "line": 11,
          "column": 1
        }
      }
    },
    "fnMap": {},
    "branchMap": {},
    "s": {
      "0": 5
    },
    "f": {},
    "b": {},
    "_coverageSchema": "1a1c01bbd47fc00a2c39e90264f33305004495a9",
    "hash": "08449bc40b20e9030d41c8f6e98b1a1d50578019"
  },
  "C:/Users/Administrator.DESKTOP-C87CPRE/Documents/rsSchool-REACT/cross-chek/react-rs/src/const/default-value-forms.ts": {
    "path": "C:/Users/Administrator.DESKTOP-C87CPRE/Documents/rsSchool-REACT/cross-chek/react-rs/src/const/default-value-forms.ts",
    "statementMap": {
      "0": {
        "start": {
          "line": 2,
          "column": 13
        },
        "end": {
          "line": 2,
          "column": 140
        }
      },
      "1": {
        "start": {
          "line": 3,
          "column": 13
        },
        "end": {
          "line": 3,
          "column": 55
        }
      },
      "2": {
        "start": {
          "line": 4,
          "column": 15
        },
        "end": {
          "line": 4,
          "column": 44
        }
      },
      "3": {
        "start": {
          "line": 5,
          "column": 12
        },
        "end": {
          "line": 5,
          "column": 26
        }
      },
      "4": {
        "start": {
          "line": 6,
          "column": 21
        },
        "end": {
          "line": 29,
          "column": 3
        }
      },
      "5": {
        "start": {
          "line": 30,
          "column": 17
        },
        "end": {
          "line": 30,
          "column": 50
        }
      },
      "6": {
        "start": {
          "line": 31,
          "column": 2
        },
        "end": {
          "line": 33,
          "column": 3
        }
      },
      "7": {
        "start": {
          "line": 32,
          "column": 4
        },
        "end": {
          "line": 32,
          "column": 34
        }
      },
      "8": {
        "start": {
          "line": 34,
          "column": 23
        },
        "end": {
          "line": 34,
          "column": 37
        }
      },
      "9": {
        "start": {
          "line": 36,
          "column": 4
        },
        "end": {
          "line": 38,
          "column": 6
        }
      },
      "10": {
        "start": {
          "line": 37,
          "column": 6
        },
        "end": {
          "line": 37,
          "column": 28
        }
      },
      "11": {
        "start": {
          "line": 40,
          "column": 2
        },
        "end": {
          "line": 40,
          "column": 24
        }
      },
      "12": {
        "start": {
          "line": 42,
          "column": 0
        },
        "end": {
          "line": 42,
          "column": 16
        }
      },
      "13": {
        "start": {
          "line": 43,
          "column": 30
        },
        "end": {
          "line": 53,
          "column": 1
        }
      }
    },
    "fnMap": {
      "0": {
        "name": "cov_gua8yd89q",
        "decl": {
          "start": {
            "line": 1,
            "column": 9
          },
          "end": {
            "line": 1,
            "column": 22
          }
        },
        "loc": {
          "start": {
            "line": 1,
            "column": 25
          },
          "end": {
            "line": 41,
            "column": 1
          }
        },
        "line": 1
      },
      "1": {
        "name": "(anonymous_1)",
        "decl": {
          "start": {
            "line": 36,
            "column": 20
          },
          "end": {
            "line": 36,
            "column": 21
          }
        },
        "loc": {
          "start": {
            "line": 36,
            "column": 31
          },
          "end": {
            "line": 38,
            "column": 5
          }
        },
        "line": 36
      }
    },
    "branchMap": {
      "0": {
        "loc": {
          "start": {
            "line": 30,
            "column": 17
          },
          "end": {
            "line": 30,
            "column": 50
          }
        },
        "type": "binary-expr",
        "locations": [
          {
            "start": {
              "line": 30,
              "column": 17
            },
            "end": {
              "line": 30,
              "column": 28
            }
          },
          {
            "start": {
              "line": 30,
              "column": 33
            },
            "end": {
              "line": 30,
              "column": 49
            }
          }
        ],
        "line": 30
      },
      "1": {
        "loc": {
          "start": {
            "line": 31,
            "column": 2
          },
          "end": {
            "line": 33,
            "column": 3
          }
        },
        "type": "if",
        "locations": [
          {
            "start": {
              "line": 31,
              "column": 2
            },
            "end": {
              "line": 33,
              "column": 3
            }
          },
          {
            "start": {},
            "end": {}
          }
        ],
        "line": 31
      },
      "2": {
        "loc": {
          "start": {
            "line": 31,
            "column": 6
          },
          "end": {
            "line": 31,
            "column": 53
          }
        },
        "type": "binary-expr",
        "locations": [
          {
            "start": {
              "line": 31,
              "column": 6
            },
            "end": {
              "line": 31,
              "column": 21
            }
          },
          {
            "start": {
              "line": 31,
              "column": 25
            },
            "end": {
              "line": 31,
              "column": 53
            }
          }
        ],
        "line": 31
      }
    },
    "s": {
      "0": 5,
      "1": 5,
      "2": 5,
      "3": 5,
      "4": 5,
      "5": 5,
      "6": 5,
      "7": 5,
      "8": 5,
      "9": 5,
      "10": 5,
      "11": 5,
      "12": 5,
      "13": 5
    },
    "f": {
      "0": 5,
      "1": 5
    },
    "b": {
      "0": [
        5,
        0
      ],
      "1": [
        5,
        0
      ],
      "2": [
        5,
        0
      ]
    },
    "inputSourceMap": {
      "version": 3,
      "mappings": ";;;;;;;;;;;;;;;;;;;;;;;;;;;;;;;;;;;AAeYA;AAAA;AAAAC;AAAA;AAAA;AAAA;AAAAD;AAfL,aAAME,iBAAwBF,wBAAG;AAAA,EACtCG,OAAO;AAAA,EACPC,MAAM;AAAA,EACNC,MAAM;AAAA,EACNC,QAAQ;AAAA,EACRC,OAAO;AAAA,EACPC,OAAO;AAAA,EACPC,aAAa;AAAA,EACbC,gBAAgB;AAAA,EAChBC,OAAO;AACT",
      "names": [
        "cov_gua8yd89q",
        "actualCoverage",
        "defaultValues",
        "title",
        "date",
        "file",
        "select",
        "check",
        "radio",
        "description",
        "buttonDisabled",
        "cards"
      ],
      "sources": [
        "C:/Users/Administrator.DESKTOP-C87CPRE/Documents/rsSchool-REACT/cross-chek/react-rs/src/const/default-value-forms.ts"
      ],
      "file": "C:/Users/Administrator.DESKTOP-C87CPRE/Documents/rsSchool-REACT/cross-chek/react-rs/src/const/default-value-forms.ts"
    },
    "_coverageSchema": "1a1c01bbd47fc00a2c39e90264f33305004495a9",
    "hash": "efa382e1e7d608aee122ab68abec20d2dce0d5a5"
  },
  "C:\\Users\\Administrator.DESKTOP-C87CPRE\\Documents\\rsSchool-REACT\\cross-chek\\react-rs\\src\\const\\default-value-forms.ts": {
    "path": "C:\\Users\\Administrator.DESKTOP-C87CPRE\\Documents\\rsSchool-REACT\\cross-chek\\react-rs\\src\\const\\default-value-forms.ts",
    "statementMap": {
      "0": {
        "start": {
          "line": 1,
          "column": 40
        },
        "end": {
          "line": 11,
          "column": 1
        }
      }
    },
    "fnMap": {},
    "branchMap": {},
    "s": {
      "0": 5
    },
    "f": {},
    "b": {},
    "_coverageSchema": "1a1c01bbd47fc00a2c39e90264f33305004495a9",
    "hash": "53e310b47a154d0736a661b811d3a803ad2966db"
  },
  "C:/Users/Administrator.DESKTOP-C87CPRE/Documents/rsSchool-REACT/cross-chek/react-rs/src/const/menu-items.ts": {
    "path": "C:/Users/Administrator.DESKTOP-C87CPRE/Documents/rsSchool-REACT/cross-chek/react-rs/src/const/menu-items.ts",
    "statementMap": {
      "0": {
        "start": {
          "line": 2,
          "column": 13
        },
        "end": {
          "line": 2,
          "column": 131
        }
      },
      "1": {
        "start": {
          "line": 3,
          "column": 13
        },
        "end": {
          "line": 3,
          "column": 55
        }
      },
      "2": {
        "start": {
          "line": 4,
          "column": 15
        },
        "end": {
          "line": 4,
          "column": 44
        }
      },
      "3": {
        "start": {
          "line": 5,
          "column": 12
        },
        "end": {
          "line": 5,
          "column": 26
        }
      },
      "4": {
        "start": {
          "line": 6,
          "column": 21
        },
        "end": {
          "line": 29,
          "column": 3
        }
      },
      "5": {
        "start": {
          "line": 30,
          "column": 17
        },
        "end": {
          "line": 30,
          "column": 50
        }
      },
      "6": {
        "start": {
          "line": 31,
          "column": 2
        },
        "end": {
          "line": 33,
          "column": 3
        }
      },
      "7": {
        "start": {
          "line": 32,
          "column": 4
        },
        "end": {
          "line": 32,
          "column": 34
        }
      },
      "8": {
        "start": {
          "line": 34,
          "column": 23
        },
        "end": {
          "line": 34,
          "column": 37
        }
      },
      "9": {
        "start": {
          "line": 36,
          "column": 4
        },
        "end": {
          "line": 38,
          "column": 6
        }
      },
      "10": {
        "start": {
          "line": 37,
          "column": 6
        },
        "end": {
          "line": 37,
          "column": 28
        }
      },
      "11": {
        "start": {
          "line": 40,
          "column": 2
        },
        "end": {
          "line": 40,
          "column": 24
        }
      },
      "12": {
        "start": {
          "line": 42,
          "column": 0
        },
        "end": {
          "line": 42,
          "column": 17
        }
      },
      "13": {
        "start": {
          "line": 43,
          "column": 25
        },
        "end": {
          "line": 55,
          "column": 2
        }
      }
    },
    "fnMap": {
      "0": {
        "name": "cov_1ytbnp8h5d",
        "decl": {
          "start": {
            "line": 1,
            "column": 9
          },
          "end": {
            "line": 1,
            "column": 23
          }
        },
        "loc": {
          "start": {
            "line": 1,
            "column": 26
          },
          "end": {
            "line": 41,
            "column": 1
          }
        },
        "line": 1
      },
      "1": {
        "name": "(anonymous_1)",
        "decl": {
          "start": {
            "line": 36,
            "column": 21
          },
          "end": {
            "line": 36,
            "column": 22
          }
        },
        "loc": {
          "start": {
            "line": 36,
            "column": 32
          },
          "end": {
            "line": 38,
            "column": 5
          }
        },
        "line": 36
      }
    },
    "branchMap": {
      "0": {
        "loc": {
          "start": {
            "line": 30,
            "column": 17
          },
          "end": {
            "line": 30,
            "column": 50
          }
        },
        "type": "binary-expr",
        "locations": [
          {
            "start": {
              "line": 30,
              "column": 17
            },
            "end": {
              "line": 30,
              "column": 28
            }
          },
          {
            "start": {
              "line": 30,
              "column": 33
            },
            "end": {
              "line": 30,
              "column": 49
            }
          }
        ],
        "line": 30
      },
      "1": {
        "loc": {
          "start": {
            "line": 31,
            "column": 2
          },
          "end": {
            "line": 33,
            "column": 3
          }
        },
        "type": "if",
        "locations": [
          {
            "start": {
              "line": 31,
              "column": 2
            },
            "end": {
              "line": 33,
              "column": 3
            }
          },
          {
            "start": {},
            "end": {}
          }
        ],
        "line": 31
      },
      "2": {
        "loc": {
          "start": {
            "line": 31,
            "column": 6
          },
          "end": {
            "line": 31,
            "column": 53
          }
        },
        "type": "binary-expr",
        "locations": [
          {
            "start": {
              "line": 31,
              "column": 6
            },
            "end": {
              "line": 31,
              "column": 21
            }
          },
          {
            "start": {
              "line": 31,
              "column": 25
            },
            "end": {
              "line": 31,
              "column": 53
            }
          }
        ],
        "line": 31
      }
    },
    "s": {
      "0": 5,
      "1": 5,
      "2": 5,
      "3": 5,
      "4": 5,
      "5": 5,
      "6": 5,
      "7": 5,
      "8": 5,
      "9": 5,
      "10": 5,
      "11": 5,
      "12": 5,
      "13": 5
    },
    "f": {
      "0": 5,
      "1": 5
    },
    "b": {
      "0": [
        5,
        0
      ],
      "1": [
        5,
        0
      ],
      "2": [
        5,
        0
      ]
    },
    "inputSourceMap": {
      "version": 3,
      "mappings": ";;;;;;;;;;;;;;;;;;;;;;;;;;;;;;;;;;;AAeYA;AAAA;AAAAC;AAAA;AAAA;AAAA;AAAAD;AAfL,aAAME,YAAoBF,yBAAG,CAClC;AAAA,EAAEG,OAAO;AAAA,EAASC,KAAK;AAAA,EAAKC,OAAO;AAAY,GAC/C;AAAA,EAAEF,OAAO;AAAA,EAASC,KAAK;AAAA,EAAUC,OAAO;AAAY,GACpD;AAAA,EAAEF,OAAO;AAAA,EAAYC,KAAK;AAAA,EAAUC,OAAO;AAAY,CAAC",
      "names": [
        "cov_1ytbnp8h5d",
        "actualCoverage",
        "MenuItem",
        "title",
        "url",
        "cName"
      ],
      "sources": [
        "C:/Users/Administrator.DESKTOP-C87CPRE/Documents/rsSchool-REACT/cross-chek/react-rs/src/const/menu-items.ts"
      ],
      "file": "C:/Users/Administrator.DESKTOP-C87CPRE/Documents/rsSchool-REACT/cross-chek/react-rs/src/const/menu-items.ts"
    },
    "_coverageSchema": "1a1c01bbd47fc00a2c39e90264f33305004495a9",
    "hash": "b9fc47c2489989c64c5000adb49df16f51c06a8b"
  },
  "C:\\Users\\Administrator.DESKTOP-C87CPRE\\Documents\\rsSchool-REACT\\cross-chek\\react-rs\\src\\const\\menu-items.ts": {
    "path": "C:\\Users\\Administrator.DESKTOP-C87CPRE\\Documents\\rsSchool-REACT\\cross-chek\\react-rs\\src\\const\\menu-items.ts",
    "statementMap": {
      "0": {
        "start": {
          "line": 1,
          "column": 36
        },
        "end": {
          "line": 5,
          "column": 1
        }
      }
    },
    "fnMap": {},
    "branchMap": {},
    "s": {
      "0": 5
    },
    "f": {},
    "b": {},
    "_coverageSchema": "1a1c01bbd47fc00a2c39e90264f33305004495a9",
    "hash": "1cbad5a8a951d3eac179ef2999be8e65d7543b3e"
  },
  "C:/Users/Administrator.DESKTOP-C87CPRE/Documents/rsSchool-REACT/cross-chek/react-rs/src/const/select-options.tsx": {
    "path": "C:/Users/Administrator.DESKTOP-C87CPRE/Documents/rsSchool-REACT/cross-chek/react-rs/src/const/select-options.tsx",
    "statementMap": {
      "0": {
        "start": {
          "line": 2,
          "column": 13
        },
        "end": {
          "line": 2,
          "column": 136
        }
      },
      "1": {
        "start": {
          "line": 3,
          "column": 13
        },
        "end": {
          "line": 3,
          "column": 55
        }
      },
      "2": {
        "start": {
          "line": 4,
          "column": 15
        },
        "end": {
          "line": 4,
          "column": 44
        }
      },
      "3": {
        "start": {
          "line": 5,
          "column": 12
        },
        "end": {
          "line": 5,
          "column": 26
        }
      },
      "4": {
        "start": {
          "line": 6,
          "column": 21
        },
        "end": {
          "line": 29,
          "column": 3
        }
      },
      "5": {
        "start": {
          "line": 30,
          "column": 17
        },
        "end": {
          "line": 30,
          "column": 50
        }
      },
      "6": {
        "start": {
          "line": 31,
          "column": 2
        },
        "end": {
          "line": 33,
          "column": 3
        }
      },
      "7": {
        "start": {
          "line": 32,
          "column": 4
        },
        "end": {
          "line": 32,
          "column": 34
        }
      },
      "8": {
        "start": {
          "line": 34,
          "column": 23
        },
        "end": {
          "line": 34,
          "column": 37
        }
      },
      "9": {
        "start": {
          "line": 36,
          "column": 4
        },
        "end": {
          "line": 38,
          "column": 6
        }
      },
      "10": {
        "start": {
          "line": 37,
          "column": 6
        },
        "end": {
          "line": 37,
          "column": 28
        }
      },
      "11": {
        "start": {
          "line": 40,
          "column": 2
        },
        "end": {
          "line": 40,
          "column": 24
        }
      },
      "12": {
        "start": {
          "line": 42,
          "column": 0
        },
        "end": {
          "line": 42,
          "column": 16
        }
      },
      "13": {
        "start": {
          "line": 43,
          "column": 30
        },
        "end": {
          "line": 43,
          "column": 270
        }
      }
    },
    "fnMap": {
      "0": {
        "name": "cov_p1y8ahl9o",
        "decl": {
          "start": {
            "line": 1,
            "column": 9
          },
          "end": {
            "line": 1,
            "column": 22
          }
        },
        "loc": {
          "start": {
            "line": 1,
            "column": 25
          },
          "end": {
            "line": 41,
            "column": 1
          }
        },
        "line": 1
      },
      "1": {
        "name": "(anonymous_1)",
        "decl": {
          "start": {
            "line": 36,
            "column": 20
          },
          "end": {
            "line": 36,
            "column": 21
          }
        },
        "loc": {
          "start": {
            "line": 36,
            "column": 31
          },
          "end": {
            "line": 38,
            "column": 5
          }
        },
        "line": 36
      }
    },
    "branchMap": {
      "0": {
        "loc": {
          "start": {
            "line": 30,
            "column": 17
          },
          "end": {
            "line": 30,
            "column": 50
          }
        },
        "type": "binary-expr",
        "locations": [
          {
            "start": {
              "line": 30,
              "column": 17
            },
            "end": {
              "line": 30,
              "column": 28
            }
          },
          {
            "start": {
              "line": 30,
              "column": 33
            },
            "end": {
              "line": 30,
              "column": 49
            }
          }
        ],
        "line": 30
      },
      "1": {
        "loc": {
          "start": {
            "line": 31,
            "column": 2
          },
          "end": {
            "line": 33,
            "column": 3
          }
        },
        "type": "if",
        "locations": [
          {
            "start": {
              "line": 31,
              "column": 2
            },
            "end": {
              "line": 33,
              "column": 3
            }
          },
          {
            "start": {},
            "end": {}
          }
        ],
        "line": 31
      },
      "2": {
        "loc": {
          "start": {
            "line": 31,
            "column": 6
          },
          "end": {
            "line": 31,
            "column": 53
          }
        },
        "type": "binary-expr",
        "locations": [
          {
            "start": {
              "line": 31,
              "column": 6
            },
            "end": {
              "line": 31,
              "column": 21
            }
          },
          {
            "start": {
              "line": 31,
              "column": 25
            },
            "end": {
              "line": 31,
              "column": 53
            }
          }
        ],
        "line": 31
      }
    },
    "s": {
      "0": 5,
      "1": 5,
      "2": 5,
      "3": 5,
      "4": 5,
      "5": 5,
      "6": 5,
      "7": 5,
      "8": 5,
      "9": 5,
      "10": 5,
      "11": 5,
      "12": 5,
      "13": 5
    },
    "f": {
      "0": 5,
      "1": 5
    },
    "b": {
      "0": [
        5,
        0
      ],
      "1": [
        5,
        0
      ],
      "2": [
        5,
        0
      ]
    },
    "inputSourceMap": {
      "version": 3,
      "mappings": ";;;;;;;;;;;;;;;;;;;;;;;;;;;;;;;;;;;AAeYA;AAAA;AAAAC;AAAA;AAAA;AAAA;AAAAD;AAfL,aAAME,iBAAaF,wBAAG,CAC3B,kBACA,uBACA,aACA,mBACA,iBACA,gBACA,mBACA,kBACA,iBACA,mBACA,eACA,aACA,OAAO",
      "names": [
        "cov_p1y8ahl9o",
        "actualCoverage",
        "selectOptions"
      ],
      "sources": [
        "C:/Users/Administrator.DESKTOP-C87CPRE/Documents/rsSchool-REACT/cross-chek/react-rs/src/const/select-options.tsx"
      ],
      "file": "C:/Users/Administrator.DESKTOP-C87CPRE/Documents/rsSchool-REACT/cross-chek/react-rs/src/const/select-options.tsx"
    },
    "_coverageSchema": "1a1c01bbd47fc00a2c39e90264f33305004495a9",
    "hash": "3fc3aaaf7e7c79d81f5c9ae1e31d5ba2acebde7c"
  },
  "C:\\Users\\Administrator.DESKTOP-C87CPRE\\Documents\\rsSchool-REACT\\cross-chek\\react-rs\\src\\const\\select-options.tsx": {
    "path": "C:\\Users\\Administrator.DESKTOP-C87CPRE\\Documents\\rsSchool-REACT\\cross-chek\\react-rs\\src\\const\\select-options.tsx",
    "statementMap": {
      "0": {
        "start": {
          "line": 1,
          "column": 29
        },
        "end": {
          "line": 15,
          "column": 1
        }
      }
    },
    "fnMap": {},
    "branchMap": {},
    "s": {
      "0": 5
    },
    "f": {},
    "b": {},
    "_coverageSchema": "1a1c01bbd47fc00a2c39e90264f33305004495a9",
    "hash": "4ff3e0f0b603896a3d8980851748213eae1b4c73"
  },
  "C:/Users/Administrator.DESKTOP-C87CPRE/Documents/rsSchool-REACT/cross-chek/react-rs/src/const/title-forms.ts": {
    "path": "C:/Users/Administrator.DESKTOP-C87CPRE/Documents/rsSchool-REACT/cross-chek/react-rs/src/const/title-forms.ts",
    "statementMap": {
      "0": {
        "start": {
          "line": 2,
          "column": 13
        },
        "end": {
          "line": 2,
          "column": 132
        }
      },
      "1": {
        "start": {
          "line": 3,
          "column": 13
        },
        "end": {
          "line": 3,
          "column": 55
        }
      },
      "2": {
        "start": {
          "line": 4,
          "column": 15
        },
        "end": {
          "line": 4,
          "column": 44
        }
      },
      "3": {
        "start": {
          "line": 5,
          "column": 12
        },
        "end": {
          "line": 5,
          "column": 26
        }
      },
      "4": {
        "start": {
          "line": 6,
          "column": 21
        },
        "end": {
          "line": 29,
          "column": 3
        }
      },
      "5": {
        "start": {
          "line": 30,
          "column": 17
        },
        "end": {
          "line": 30,
          "column": 50
        }
      },
      "6": {
        "start": {
          "line": 31,
          "column": 2
        },
        "end": {
          "line": 33,
          "column": 3
        }
      },
      "7": {
        "start": {
          "line": 32,
          "column": 4
        },
        "end": {
          "line": 32,
          "column": 34
        }
      },
      "8": {
        "start": {
          "line": 34,
          "column": 23
        },
        "end": {
          "line": 34,
          "column": 37
        }
      },
      "9": {
        "start": {
          "line": 36,
          "column": 4
        },
        "end": {
          "line": 38,
          "column": 6
        }
      },
      "10": {
        "start": {
          "line": 37,
          "column": 6
        },
        "end": {
          "line": 37,
          "column": 28
        }
      },
      "11": {
        "start": {
          "line": 40,
          "column": 2
        },
        "end": {
          "line": 40,
          "column": 24
        }
      },
      "12": {
        "start": {
          "line": 42,
          "column": 0
        },
        "end": {
          "line": 42,
          "column": 16
        }
      },
      "13": {
        "start": {
          "line": 44,
          "column": 27
        },
        "end": {
          "line": 52,
          "column": 1
        }
      }
    },
    "fnMap": {
      "0": {
        "name": "cov_cg4myfy85",
        "decl": {
          "start": {
            "line": 1,
            "column": 9
          },
          "end": {
            "line": 1,
            "column": 22
          }
        },
        "loc": {
          "start": {
            "line": 1,
            "column": 25
          },
          "end": {
            "line": 41,
            "column": 1
          }
        },
        "line": 1
      },
      "1": {
        "name": "(anonymous_1)",
        "decl": {
          "start": {
            "line": 36,
            "column": 20
          },
          "end": {
            "line": 36,
            "column": 21
          }
        },
        "loc": {
          "start": {
            "line": 36,
            "column": 31
          },
          "end": {
            "line": 38,
            "column": 5
          }
        },
        "line": 36
      }
    },
    "branchMap": {
      "0": {
        "loc": {
          "start": {
            "line": 30,
            "column": 17
          },
          "end": {
            "line": 30,
            "column": 50
          }
        },
        "type": "binary-expr",
        "locations": [
          {
            "start": {
              "line": 30,
              "column": 17
            },
            "end": {
              "line": 30,
              "column": 28
            }
          },
          {
            "start": {
              "line": 30,
              "column": 33
            },
            "end": {
              "line": 30,
              "column": 49
            }
          }
        ],
        "line": 30
      },
      "1": {
        "loc": {
          "start": {
            "line": 31,
            "column": 2
          },
          "end": {
            "line": 33,
            "column": 3
          }
        },
        "type": "if",
        "locations": [
          {
            "start": {
              "line": 31,
              "column": 2
            },
            "end": {
              "line": 33,
              "column": 3
            }
          },
          {
            "start": {},
            "end": {}
          }
        ],
        "line": 31
      },
      "2": {
        "loc": {
          "start": {
            "line": 31,
            "column": 6
          },
          "end": {
            "line": 31,
            "column": 53
          }
        },
        "type": "binary-expr",
        "locations": [
          {
            "start": {
              "line": 31,
              "column": 6
            },
            "end": {
              "line": 31,
              "column": 21
            }
          },
          {
            "start": {
              "line": 31,
              "column": 25
            },
            "end": {
              "line": 31,
              "column": 53
            }
          }
        ],
        "line": 31
      }
    },
    "s": {
      "0": 5,
      "1": 5,
      "2": 5,
      "3": 5,
      "4": 5,
      "5": 5,
      "6": 5,
      "7": 5,
      "8": 5,
      "9": 5,
      "10": 5,
      "11": 5,
      "12": 5,
      "13": 5
    },
    "f": {
      "0": 5,
      "1": 5
    },
    "b": {
      "0": [
        5,
        0
      ],
      "1": [
        5,
        0
      ],
      "2": [
        5,
        0
      ]
    },
    "inputSourceMap": {
      "version": 3,
      "mappings": ";;;;;;;;;;;;;;;;;;;;;;;;;;;;;;;;;;;AAeYA;AAAA;AAAAC;AAAA;AAAA;AAAA;AAAAD;AAfZ,SAASE,gBAAgB;AAElB,aAAMC,cAAoCH,wBAAG;AAAA,EAClD,CAACE,SAASE,KAAK,GAAG;AAAA,EAClB,CAACF,SAASG,IAAI,GAAG;AAAA,EACjB,CAACH,SAASI,IAAI,GAAG;AAAA,EACjB,CAACJ,SAASK,MAAM,GAAG;AAAA,EACnB,CAACL,SAASM,KAAK,GAAG;AAAA,EAClB,CAACN,SAASO,KAAK,GAAG;AAAA,EAClB,CAACP,SAASQ,YAAY,GAAG;AAC3B",
      "names": [
        "cov_cg4myfy85",
        "actualCoverage",
        "FormKeys",
        "titleForms",
        "TITLE",
        "DATE",
        "FILE",
        "SELECT",
        "CHECK",
        "RADIO",
        "DESCRIPTIONS"
      ],
      "sources": [
        "C:/Users/Administrator.DESKTOP-C87CPRE/Documents/rsSchool-REACT/cross-chek/react-rs/src/const/title-forms.ts"
      ],
      "file": "C:/Users/Administrator.DESKTOP-C87CPRE/Documents/rsSchool-REACT/cross-chek/react-rs/src/const/title-forms.ts"
    },
    "_coverageSchema": "1a1c01bbd47fc00a2c39e90264f33305004495a9",
    "hash": "230e2d0492a7f156ec19473cdc0a8304e3b4b183"
  },
  "C:\\Users\\Administrator.DESKTOP-C87CPRE\\Documents\\rsSchool-REACT\\cross-chek\\react-rs\\src\\const\\title-forms.ts": {
    "path": "C:\\Users\\Administrator.DESKTOP-C87CPRE\\Documents\\rsSchool-REACT\\cross-chek\\react-rs\\src\\const\\title-forms.ts",
    "statementMap": {
      "0": {
        "start": {
          "line": 3,
          "column": 52
        },
        "end": {
          "line": 11,
          "column": 1
        }
      }
    },
    "fnMap": {},
    "branchMap": {},
    "s": {
      "0": 5
    },
    "f": {},
    "b": {},
    "_coverageSchema": "1a1c01bbd47fc00a2c39e90264f33305004495a9",
    "hash": "cddd79bb5a2f78507a3bf065c3c8813947fe24d6"
  },
  "C:/Users/Administrator.DESKTOP-C87CPRE/Documents/rsSchool-REACT/cross-chek/react-rs/src/const/page-title.ts": {
    "path": "C:/Users/Administrator.DESKTOP-C87CPRE/Documents/rsSchool-REACT/cross-chek/react-rs/src/const/page-title.ts",
    "statementMap": {
      "0": {
        "start": {
          "line": 2,
          "column": 13
        },
        "end": {
          "line": 2,
          "column": 131
        }
      },
      "1": {
        "start": {
          "line": 3,
          "column": 13
        },
        "end": {
          "line": 3,
          "column": 55
        }
      },
      "2": {
        "start": {
          "line": 4,
          "column": 15
        },
        "end": {
          "line": 4,
          "column": 44
        }
      },
      "3": {
        "start": {
          "line": 5,
          "column": 12
        },
        "end": {
          "line": 5,
          "column": 26
        }
      },
      "4": {
        "start": {
          "line": 6,
          "column": 21
        },
        "end": {
          "line": 29,
          "column": 3
        }
      },
      "5": {
        "start": {
          "line": 30,
          "column": 17
        },
        "end": {
          "line": 30,
          "column": 50
        }
      },
      "6": {
        "start": {
          "line": 31,
          "column": 2
        },
        "end": {
          "line": 33,
          "column": 3
        }
      },
      "7": {
        "start": {
          "line": 32,
          "column": 4
        },
        "end": {
          "line": 32,
          "column": 34
        }
      },
      "8": {
        "start": {
          "line": 34,
          "column": 23
        },
        "end": {
          "line": 34,
          "column": 37
        }
      },
      "9": {
        "start": {
          "line": 36,
          "column": 4
        },
        "end": {
          "line": 38,
          "column": 6
        }
      },
      "10": {
        "start": {
          "line": 37,
          "column": 6
        },
        "end": {
          "line": 37,
          "column": 28
        }
      },
      "11": {
        "start": {
          "line": 40,
          "column": 2
        },
        "end": {
          "line": 40,
          "column": 24
        }
      },
      "12": {
        "start": {
          "line": 42,
          "column": 0
        },
        "end": {
          "line": 42,
          "column": 17
        }
      },
      "13": {
        "start": {
          "line": 43,
          "column": 22
        },
        "end": {
          "line": 47,
          "column": 1
        }
      }
    },
    "fnMap": {
      "0": {
        "name": "cov_1ajlcsloo4",
        "decl": {
          "start": {
            "line": 1,
            "column": 9
          },
          "end": {
            "line": 1,
            "column": 23
          }
        },
        "loc": {
          "start": {
            "line": 1,
            "column": 26
          },
          "end": {
            "line": 41,
            "column": 1
          }
        },
        "line": 1
      },
      "1": {
        "name": "(anonymous_1)",
        "decl": {
          "start": {
            "line": 36,
            "column": 21
          },
          "end": {
            "line": 36,
            "column": 22
          }
        },
        "loc": {
          "start": {
            "line": 36,
            "column": 32
          },
          "end": {
            "line": 38,
            "column": 5
          }
        },
        "line": 36
      }
    },
    "branchMap": {
      "0": {
        "loc": {
          "start": {
            "line": 30,
            "column": 17
          },
          "end": {
            "line": 30,
            "column": 50
          }
        },
        "type": "binary-expr",
        "locations": [
          {
            "start": {
              "line": 30,
              "column": 17
            },
            "end": {
              "line": 30,
              "column": 28
            }
          },
          {
            "start": {
              "line": 30,
              "column": 33
            },
            "end": {
              "line": 30,
              "column": 49
            }
          }
        ],
        "line": 30
      },
      "1": {
        "loc": {
          "start": {
            "line": 31,
            "column": 2
          },
          "end": {
            "line": 33,
            "column": 3
          }
        },
        "type": "if",
        "locations": [
          {
            "start": {
              "line": 31,
              "column": 2
            },
            "end": {
              "line": 33,
              "column": 3
            }
          },
          {
            "start": {},
            "end": {}
          }
        ],
        "line": 31
      },
      "2": {
        "loc": {
          "start": {
            "line": 31,
            "column": 6
          },
          "end": {
            "line": 31,
            "column": 53
          }
        },
        "type": "binary-expr",
        "locations": [
          {
            "start": {
              "line": 31,
              "column": 6
            },
            "end": {
              "line": 31,
              "column": 21
            }
          },
          {
            "start": {
              "line": 31,
              "column": 25
            },
            "end": {
              "line": 31,
              "column": 53
            }
          }
        ],
        "line": 31
      }
    },
    "s": {
      "0": 5,
      "1": 5,
      "2": 5,
      "3": 5,
      "4": 5,
      "5": 5,
      "6": 5,
      "7": 5,
      "8": 5,
      "9": 5,
      "10": 5,
      "11": 5,
      "12": 5,
      "13": 5
    },
    "f": {
      "0": 5,
      "1": 5
    },
    "b": {
      "0": [
        5,
        0
      ],
      "1": [
        5,
        0
      ],
      "2": [
        5,
        0
      ]
    },
    "inputSourceMap": {
      "version": 3,
      "mappings": ";;;;;;;;;;;;;;;;;;;;;;;;;;;;;;;;;;;AAeYA;AAAA;AAAAC;AAAA;AAAA;AAAA;AAAAD;AAfL,aAAME,SAAKF,yBAAG;AAAA,EACnBG,MAAM;AAAA,EACNC,MAAM;AAAA,EACN,KAAK;AACP",
      "names": [
        "cov_1ajlcsloo4",
        "actualCoverage",
        "TITLE",
        "main",
        "form"
      ],
      "sources": [
        "C:/Users/Administrator.DESKTOP-C87CPRE/Documents/rsSchool-REACT/cross-chek/react-rs/src/const/page-title.ts"
      ],
      "file": "C:/Users/Administrator.DESKTOP-C87CPRE/Documents/rsSchool-REACT/cross-chek/react-rs/src/const/page-title.ts"
    },
    "_coverageSchema": "1a1c01bbd47fc00a2c39e90264f33305004495a9",
    "hash": "f22ad58e8885f2d52faa8aef5f4e94da818cdbfa"
  },
  "C:\\Users\\Administrator.DESKTOP-C87CPRE\\Documents\\rsSchool-REACT\\cross-chek\\react-rs\\src\\const\\page-title.ts": {
    "path": "C:\\Users\\Administrator.DESKTOP-C87CPRE\\Documents\\rsSchool-REACT\\cross-chek\\react-rs\\src\\const\\page-title.ts",
    "statementMap": {
      "0": {
        "start": {
          "line": 1,
          "column": 21
        },
        "end": {
          "line": 5,
          "column": 10
        }
      }
    },
    "fnMap": {},
    "branchMap": {},
    "s": {
      "0": 5
    },
    "f": {},
    "b": {},
    "_coverageSchema": "1a1c01bbd47fc00a2c39e90264f33305004495a9",
    "hash": "d2d98b3ce2bf0e4b6e5daf9eabfad91cfca786d4"
  },
  "C:/Users/Administrator.DESKTOP-C87CPRE/Documents/rsSchool-REACT/cross-chek/react-rs/src/const/api-query.ts": {
    "path": "C:/Users/Administrator.DESKTOP-C87CPRE/Documents/rsSchool-REACT/cross-chek/react-rs/src/const/api-query.ts",
    "statementMap": {
      "0": {
        "start": {
          "line": 2,
          "column": 13
        },
        "end": {
          "line": 2,
          "column": 130
        }
      },
      "1": {
        "start": {
          "line": 3,
          "column": 13
        },
        "end": {
          "line": 3,
          "column": 55
        }
      },
      "2": {
        "start": {
          "line": 4,
          "column": 15
        },
        "end": {
          "line": 4,
          "column": 44
        }
      },
      "3": {
        "start": {
          "line": 5,
          "column": 12
        },
        "end": {
          "line": 5,
          "column": 26
        }
      },
      "4": {
        "start": {
          "line": 6,
          "column": 21
        },
        "end": {
          "line": 51,
          "column": 3
        }
      },
      "5": {
        "start": {
          "line": 52,
          "column": 17
        },
        "end": {
          "line": 52,
          "column": 50
        }
      },
      "6": {
        "start": {
          "line": 53,
          "column": 2
        },
        "end": {
          "line": 55,
          "column": 3
        }
      },
      "7": {
        "start": {
          "line": 54,
          "column": 4
        },
        "end": {
          "line": 54,
          "column": 34
        }
      },
      "8": {
        "start": {
          "line": 56,
          "column": 23
        },
        "end": {
          "line": 56,
          "column": 37
        }
      },
      "9": {
        "start": {
          "line": 58,
          "column": 4
        },
        "end": {
          "line": 60,
          "column": 6
        }
      },
      "10": {
        "start": {
          "line": 59,
          "column": 6
        },
        "end": {
          "line": 59,
          "column": 28
        }
      },
      "11": {
        "start": {
          "line": 62,
          "column": 2
        },
        "end": {
          "line": 62,
          "column": 24
        }
      },
      "12": {
        "start": {
          "line": 64,
          "column": 0
        },
        "end": {
          "line": 64,
          "column": 17
        }
      },
      "13": {
        "start": {
          "line": 65,
          "column": 30
        },
        "end": {
          "line": 65,
          "column": 81
        }
      },
      "14": {
        "start": {
          "line": 66,
          "column": 29
        },
        "end": {
          "line": 66,
          "column": 56
        }
      },
      "15": {
        "start": {
          "line": 67,
          "column": 26
        },
        "end": {
          "line": 67,
          "column": 73
        }
      }
    },
    "fnMap": {
      "0": {
        "name": "cov_1ndtqm8oju",
        "decl": {
          "start": {
            "line": 1,
            "column": 9
          },
          "end": {
            "line": 1,
            "column": 23
          }
        },
        "loc": {
          "start": {
            "line": 1,
            "column": 26
          },
          "end": {
            "line": 63,
            "column": 1
          }
        },
        "line": 1
      },
      "1": {
        "name": "(anonymous_1)",
        "decl": {
          "start": {
            "line": 58,
            "column": 21
          },
          "end": {
            "line": 58,
            "column": 22
          }
        },
        "loc": {
          "start": {
            "line": 58,
            "column": 32
          },
          "end": {
            "line": 60,
            "column": 5
          }
        },
        "line": 58
      }
    },
    "branchMap": {
      "0": {
        "loc": {
          "start": {
            "line": 52,
            "column": 17
          },
          "end": {
            "line": 52,
            "column": 50
          }
        },
        "type": "binary-expr",
        "locations": [
          {
            "start": {
              "line": 52,
              "column": 17
            },
            "end": {
              "line": 52,
              "column": 28
            }
          },
          {
            "start": {
              "line": 52,
              "column": 33
            },
            "end": {
              "line": 52,
              "column": 49
            }
          }
        ],
        "line": 52
      },
      "1": {
        "loc": {
          "start": {
            "line": 53,
            "column": 2
          },
          "end": {
            "line": 55,
            "column": 3
          }
        },
        "type": "if",
        "locations": [
          {
            "start": {
              "line": 53,
              "column": 2
            },
            "end": {
              "line": 55,
              "column": 3
            }
          },
          {
            "start": {},
            "end": {}
          }
        ],
        "line": 53
      },
      "2": {
        "loc": {
          "start": {
            "line": 53,
            "column": 6
          },
          "end": {
            "line": 53,
            "column": 53
          }
        },
        "type": "binary-expr",
        "locations": [
          {
            "start": {
              "line": 53,
              "column": 6
            },
            "end": {
              "line": 53,
              "column": 21
            }
          },
          {
            "start": {
              "line": 53,
              "column": 25
            },
            "end": {
              "line": 53,
              "column": 53
            }
          }
        ],
        "line": 53
      }
    },
    "s": {
      "0": 5,
      "1": 5,
      "2": 5,
      "3": 5,
      "4": 5,
      "5": 5,
      "6": 5,
      "7": 5,
      "8": 5,
      "9": 5,
      "10": 15,
      "11": 5,
      "12": 5,
      "13": 5,
      "14": 5,
      "15": 5
    },
    "f": {
      "0": 5,
      "1": 15
    },
    "b": {
      "0": [
        5,
        0
      ],
      "1": [
        5,
        0
      ],
      "2": [
        5,
        0
      ]
    },
    "inputSourceMap": {
      "version": 3,
      "mappings": ";;;;;;;;;;;;;;;;;;;;;;;;;;;;;;;;;;;;;;;;;;;;;;;;;;;;;;;;;AAeYA;AAAA;AAAAC;AAAA;AAAA;AAAA;AAAAD;AAfL,aAAME,iBAAaF,yBAAG;AACtB,aAAMG,gBAAYH,yBAAG;AACrB,aAAMI,aAASJ,yBAAG",
      "names": [
        "cov_1ndtqm8oju",
        "actualCoverage",
        "ANIME_API_ALL",
        "ITEM_ON_PAGE",
        "ANIME_API"
      ],
      "sources": [
        "C:/Users/Administrator.DESKTOP-C87CPRE/Documents/rsSchool-REACT/cross-chek/react-rs/src/const/api-query.ts"
      ],
      "file": "C:/Users/Administrator.DESKTOP-C87CPRE/Documents/rsSchool-REACT/cross-chek/react-rs/src/const/api-query.ts"
    },
    "_coverageSchema": "1a1c01bbd47fc00a2c39e90264f33305004495a9",
    "hash": "29c0dabb34812cd31839dd5a4827ab9c665ebfc1"
  },
  "C:\\Users\\Administrator.DESKTOP-C87CPRE\\Documents\\rsSchool-REACT\\cross-chek\\react-rs\\src\\const\\api-query.ts": {
    "path": "C:\\Users\\Administrator.DESKTOP-C87CPRE\\Documents\\rsSchool-REACT\\cross-chek\\react-rs\\src\\const\\api-query.ts",
    "statementMap": {
      "0": {
        "start": {
          "line": 1,
          "column": 29
        },
        "end": {
          "line": 1,
          "column": 55
        }
      },
      "1": {
        "start": {
          "line": 2,
          "column": 28
        },
        "end": {
          "line": 2,
          "column": 30
        }
      },
      "2": {
        "start": {
          "line": 3,
          "column": 25
        },
        "end": {
          "line": 3,
          "column": 47
        }
      }
    },
    "fnMap": {},
    "branchMap": {},
    "s": {
      "0": 5,
      "1": 5,
      "2": 5
    },
    "f": {},
    "b": {},
    "_coverageSchema": "1a1c01bbd47fc00a2c39e90264f33305004495a9",
    "hash": "9b84c9fe0062f529ecc9c1a499fbd15b5d4ae385"
  },
  "C:/Users/Administrator.DESKTOP-C87CPRE/Documents/rsSchool-REACT/cross-chek/react-rs/src/const/direction-button.ts": {
    "path": "C:/Users/Administrator.DESKTOP-C87CPRE/Documents/rsSchool-REACT/cross-chek/react-rs/src/const/direction-button.ts",
    "statementMap": {
      "0": {
        "start": {
          "line": 2,
          "column": 13
        },
        "end": {
          "line": 2,
          "column": 137
        }
      },
      "1": {
        "start": {
          "line": 3,
          "column": 13
        },
        "end": {
          "line": 3,
          "column": 55
        }
      },
      "2": {
        "start": {
          "line": 4,
          "column": 15
        },
        "end": {
          "line": 4,
          "column": 44
        }
      },
      "3": {
        "start": {
          "line": 5,
          "column": 12
        },
        "end": {
          "line": 5,
          "column": 26
        }
      },
      "4": {
        "start": {
          "line": 6,
          "column": 21
        },
        "end": {
          "line": 16,
          "column": 3
        }
      },
      "5": {
        "start": {
          "line": 17,
          "column": 17
        },
        "end": {
          "line": 17,
          "column": 50
        }
      },
      "6": {
        "start": {
          "line": 18,
          "column": 2
        },
        "end": {
          "line": 20,
          "column": 3
        }
      },
      "7": {
        "start": {
          "line": 19,
          "column": 4
        },
        "end": {
          "line": 19,
          "column": 34
        }
      },
      "8": {
        "start": {
          "line": 21,
          "column": 23
        },
        "end": {
          "line": 21,
          "column": 37
        }
      },
      "9": {
        "start": {
          "line": 23,
          "column": 4
        },
        "end": {
          "line": 25,
          "column": 6
        }
      },
      "10": {
        "start": {
          "line": 24,
          "column": 6
        },
        "end": {
          "line": 24,
          "column": 28
        }
      },
      "11": {
        "start": {
          "line": 27,
          "column": 2
        },
        "end": {
          "line": 27,
          "column": 24
        }
      },
      "12": {
        "start": {
          "line": 29,
          "column": 0
        },
        "end": {
          "line": 29,
          "column": 17
        }
      },
      "13": {
        "start": {
          "line": 30,
          "column": 39
        },
        "end": {
          "line": 34,
          "column": 19
        }
      },
      "14": {
        "start": {
          "line": 31,
          "column": 2
        },
        "end": {
          "line": 31,
          "column": 30
        }
      },
      "15": {
        "start": {
          "line": 32,
          "column": 2
        },
        "end": {
          "line": 32,
          "column": 30
        }
      },
      "16": {
        "start": {
          "line": 33,
          "column": 2
        },
        "end": {
          "line": 33,
          "column": 20
        }
      }
    },
    "fnMap": {
      "0": {
        "name": "cov_262sxt1r2o",
        "decl": {
          "start": {
            "line": 1,
            "column": 9
          },
          "end": {
            "line": 1,
            "column": 23
          }
        },
        "loc": {
          "start": {
            "line": 1,
            "column": 26
          },
          "end": {
            "line": 28,
            "column": 1
          }
        },
        "line": 1
      },
      "1": {
        "name": "(anonymous_1)",
        "decl": {
          "start": {
            "line": 23,
            "column": 21
          },
          "end": {
            "line": 23,
            "column": 22
          }
        },
        "loc": {
          "start": {
            "line": 23,
            "column": 32
          },
          "end": {
            "line": 25,
            "column": 5
          }
        },
        "line": 23
      },
      "2": {
        "name": "(anonymous_2)",
        "decl": {
          "start": {
            "line": 30,
            "column": 40
          },
          "end": {
            "line": 30,
            "column": 41
          }
        },
        "loc": {
          "start": {
            "line": 30,
            "column": 56
          },
          "end": {
            "line": 34,
            "column": 1
          }
        },
        "line": 30
      }
    },
    "branchMap": {
      "0": {
        "loc": {
          "start": {
            "line": 17,
            "column": 17
          },
          "end": {
            "line": 17,
            "column": 50
          }
        },
        "type": "binary-expr",
        "locations": [
          {
            "start": {
              "line": 17,
              "column": 17
            },
            "end": {
              "line": 17,
              "column": 28
            }
          },
          {
            "start": {
              "line": 17,
              "column": 33
            },
            "end": {
              "line": 17,
              "column": 49
            }
          }
        ],
        "line": 17
      },
      "1": {
        "loc": {
          "start": {
            "line": 18,
            "column": 2
          },
          "end": {
            "line": 20,
            "column": 3
          }
        },
        "type": "if",
        "locations": [
          {
            "start": {
              "line": 18,
              "column": 2
            },
            "end": {
              "line": 20,
              "column": 3
            }
          },
          {
            "start": {},
            "end": {}
          }
        ],
        "line": 18
      },
      "2": {
        "loc": {
          "start": {
            "line": 18,
            "column": 6
          },
          "end": {
            "line": 18,
            "column": 53
          }
        },
        "type": "binary-expr",
        "locations": [
          {
            "start": {
              "line": 18,
              "column": 6
            },
            "end": {
              "line": 18,
              "column": 21
            }
          },
          {
            "start": {
              "line": 18,
              "column": 25
            },
            "end": {
              "line": 18,
              "column": 53
            }
          }
        ],
        "line": 18
      },
      "3": {
        "loc": {
          "start": {
            "line": 34,
            "column": 3
          },
          "end": {
            "line": 34,
            "column": 18
          }
        },
        "type": "binary-expr",
        "locations": [
          {
            "start": {
              "line": 34,
              "column": 3
            },
            "end": {
              "line": 34,
              "column": 12
            }
          },
          {
            "start": {
              "line": 34,
              "column": 16
            },
            "end": {
              "line": 34,
              "column": 18
            }
          }
        ],
        "line": 34
      }
    },
    "s": {
      "0": 5,
      "1": 5,
      "2": 5,
      "3": 5,
      "4": 5,
      "5": 5,
      "6": 5,
      "7": 5,
      "8": 5,
      "9": 5,
      "10": 0,
      "11": 5,
      "12": 5,
      "13": 5,
      "14": 5,
      "15": 5,
      "16": 5
    },
    "f": {
      "0": 5,
      "1": 0,
      "2": 5
    },
    "b": {
      "0": [
        5,
        0
      ],
      "1": [
        5,
        0
      ],
      "2": [
        5,
        0
      ],
      "3": [
        5,
        5
      ]
    },
    "inputSourceMap": {
      "version": 3,
      "mappings": ";;;;;;;;;;;;;;;;;;;;;;AAeYA;AAAA;AAAAC;AAAA;AAAA;AAAA;AAAAD;AAfL,WAAKE,YAAL,kBAAKA,eAAL;AACLC,uBAAO;AACPC,uBAAO;AAFGF;AAAAA",
      "names": [
        "cov_262sxt1r2o",
        "actualCoverage",
        "DIRECTION",
        "PREV",
        "NEXT"
      ],
      "sources": [
        "C:/Users/Administrator.DESKTOP-C87CPRE/Documents/rsSchool-REACT/cross-chek/react-rs/src/const/direction-button.ts"
      ],
      "file": "C:/Users/Administrator.DESKTOP-C87CPRE/Documents/rsSchool-REACT/cross-chek/react-rs/src/const/direction-button.ts"
    },
    "_coverageSchema": "1a1c01bbd47fc00a2c39e90264f33305004495a9",
    "hash": "ce6565a10a24ccbbf10545c516107a20f41d264a"
  },
  "C:\\Users\\Administrator.DESKTOP-C87CPRE\\Documents\\rsSchool-REACT\\cross-chek\\react-rs\\src\\const\\direction-button.ts": {
    "path": "C:\\Users\\Administrator.DESKTOP-C87CPRE\\Documents\\rsSchool-REACT\\cross-chek\\react-rs\\src\\const\\direction-button.ts",
    "statementMap": {},
    "fnMap": {},
    "branchMap": {},
    "s": {},
    "f": {},
    "b": {},
    "_coverageSchema": "1a1c01bbd47fc00a2c39e90264f33305004495a9",
    "hash": "4c4beb63244d919627b0b155b0b302c19dff0a93"
  },
  "C:/Users/Administrator.DESKTOP-C87CPRE/Documents/rsSchool-REACT/cross-chek/react-rs/src/const/test-data.ts": {
    "path": "C:/Users/Administrator.DESKTOP-C87CPRE/Documents/rsSchool-REACT/cross-chek/react-rs/src/const/test-data.ts",
    "statementMap": {
      "0": {
        "start": {
          "line": 2,
          "column": 13
        },
        "end": {
          "line": 2,
          "column": 130
        }
      },
      "1": {
        "start": {
          "line": 3,
          "column": 13
        },
        "end": {
          "line": 3,
          "column": 55
        }
      },
      "2": {
        "start": {
          "line": 4,
          "column": 15
        },
        "end": {
          "line": 4,
          "column": 44
        }
      },
      "3": {
        "start": {
          "line": 5,
          "column": 12
        },
        "end": {
          "line": 5,
          "column": 26
        }
      },
      "4": {
        "start": {
          "line": 6,
          "column": 21
        },
        "end": {
          "line": 40,
          "column": 3
        }
      },
      "5": {
        "start": {
          "line": 41,
          "column": 17
        },
        "end": {
          "line": 41,
          "column": 50
        }
      },
      "6": {
        "start": {
          "line": 42,
          "column": 2
        },
        "end": {
          "line": 44,
          "column": 3
        }
      },
      "7": {
        "start": {
          "line": 43,
          "column": 4
        },
        "end": {
          "line": 43,
          "column": 34
        }
      },
      "8": {
        "start": {
          "line": 45,
          "column": 23
        },
        "end": {
          "line": 45,
          "column": 37
        }
      },
      "9": {
        "start": {
          "line": 47,
          "column": 4
        },
        "end": {
          "line": 49,
          "column": 6
        }
      },
      "10": {
        "start": {
          "line": 48,
          "column": 6
        },
        "end": {
          "line": 48,
          "column": 28
        }
      },
      "11": {
        "start": {
          "line": 51,
          "column": 2
        },
        "end": {
          "line": 51,
          "column": 24
        }
      },
      "12": {
        "start": {
          "line": 53,
          "column": 0
        },
        "end": {
          "line": 53,
          "column": 17
        }
      },
      "13": {
        "start": {
          "line": 54,
          "column": 26
        },
        "end": {
          "line": 72,
          "column": 2
        }
      },
      "14": {
        "start": {
          "line": 73,
          "column": 28
        },
        "end": {
          "line": 173,
          "column": 1
        }
      }
    },
    "fnMap": {
      "0": {
        "name": "cov_161zrij2n2",
        "decl": {
          "start": {
            "line": 1,
            "column": 9
          },
          "end": {
            "line": 1,
            "column": 23
          }
        },
        "loc": {
          "start": {
            "line": 1,
            "column": 26
          },
          "end": {
            "line": 52,
            "column": 1
          }
        },
        "line": 1
      },
      "1": {
        "name": "(anonymous_1)",
        "decl": {
          "start": {
            "line": 47,
            "column": 21
          },
          "end": {
            "line": 47,
            "column": 22
          }
        },
        "loc": {
          "start": {
            "line": 47,
            "column": 32
          },
          "end": {
            "line": 49,
            "column": 5
          }
        },
        "line": 47
      }
    },
    "branchMap": {
      "0": {
        "loc": {
          "start": {
            "line": 41,
            "column": 17
          },
          "end": {
            "line": 41,
            "column": 50
          }
        },
        "type": "binary-expr",
        "locations": [
          {
            "start": {
              "line": 41,
              "column": 17
            },
            "end": {
              "line": 41,
              "column": 28
            }
          },
          {
            "start": {
              "line": 41,
              "column": 33
            },
            "end": {
              "line": 41,
              "column": 49
            }
          }
        ],
        "line": 41
      },
      "1": {
        "loc": {
          "start": {
            "line": 42,
            "column": 2
          },
          "end": {
            "line": 44,
            "column": 3
          }
        },
        "type": "if",
        "locations": [
          {
            "start": {
              "line": 42,
              "column": 2
            },
            "end": {
              "line": 44,
              "column": 3
            }
          },
          {
            "start": {},
            "end": {}
          }
        ],
        "line": 42
      },
      "2": {
        "loc": {
          "start": {
            "line": 42,
            "column": 6
          },
          "end": {
            "line": 42,
            "column": 53
          }
        },
        "type": "binary-expr",
        "locations": [
          {
            "start": {
              "line": 42,
              "column": 6
            },
            "end": {
              "line": 42,
              "column": 21
            }
          },
          {
            "start": {
[...]
        },
        "end": {
          "line": 176,
          "column": 54
        }
      }
    },
    "fnMap": {
      "0": {
        "name": "(anonymous_0)",
        "decl": {
          "start": {
            "line": 11,
            "column": 24
          },
          "end": {
            "line": 11,
            "column": 25
          }
        },
        "loc": {
          "start": {
            "line": 11,
            "column": 38
          },
          "end": {
            "line": 13,
            "column": 3
          }
        },
        "line": 11
      },
      "1": {
        "name": "cov_sjak2w032",
        "decl": {
          "start": {
            "line": 16,
            "column": 9
          },
          "end": {
            "line": 16,
            "column": 22
          }
        },
        "loc": {
          "start": {
            "line": 16,
            "column": 25
          },
          "end": {
            "line": 94,
            "column": 1
          }
        },
        "line": 16
      },
      "2": {
        "name": "(anonymous_2)",
        "decl": {
          "start": {
            "line": 89,
            "column": 20
          },
          "end": {
            "line": 89,
            "column": 21
          }
        },
        "loc": {
          "start": {
            "line": 89,
            "column": 31
          },
          "end": {
            "line": 91,
            "column": 5
          }
        },
        "line": 89
      },
      "3": {
        "name": "(anonymous_3)",
        "decl": {
          "start": {
            "line": 103,
            "column": 19
          },
          "end": {
            "line": 103,
            "column": 20
          }
        },
        "loc": {
          "start": {
            "line": 103,
            "column": 25
          },
          "end": {
            "line": 159,
            "column": 1
          }
        },
        "line": 103
      },
      "4": {
        "name": "(anonymous_4)",
        "decl": {
          "start": {
            "line": 169,
            "column": 9
          },
          "end": {
            "line": 169,
            "column": 10
          }
        },
        "loc": {
          "start": {
            "line": 169,
            "column": 29
          },
          "end": {
            "line": 178,
            "column": 3
          }
        },
        "line": 169
      },
      "5": {
        "name": "(anonymous_5)",
        "decl": {
          "start": {
            "line": 171,
            "column": 27
          },
          "end": {
            "line": 171,
            "column": 28
          }
        },
        "loc": {
          "start": {
            "line": 171,
            "column": 44
          },
          "end": {
            "line": 177,
            "column": 5
          }
        },
        "line": 171
      }
    },
    "branchMap": {
      "0": {
        "loc": {
          "start": {
            "line": 5,
            "column": 0
          },
          "end": {
            "line": 15,
            "column": 1
          }
        },
        "type": "if",
        "locations": [
          {
            "start": {
              "line": 5,
              "column": 0
            },
            "end": {
              "line": 15,
              "column": 1
            }
          },
          {
            "start": {},
            "end": {}
          }
        ],
        "line": 5
      },
      "1": {
        "loc": {
          "start": {
            "line": 6,
            "column": 2
          },
          "end": {
            "line": 8,
            "column": 3
          }
        },
        "type": "if",
        "locations": [
          {
            "start": {
              "line": 6,
              "column": 2
            },
            "end": {
              "line": 8,
              "column": 3
            }
          },
          {
            "start": {},
            "end": {}
          }
        ],
        "line": 6
      },
      "2": {
        "loc": {
          "start": {
            "line": 83,
            "column": 17
          },
          "end": {
            "line": 83,
            "column": 50
          }
        },
        "type": "binary-expr",
        "locations": [
          {
            "start": {
              "line": 83,
              "column": 17
            },
            "end": {
              "line": 83,
              "column": 28
            }
          },
          {
            "start": {
              "line": 83,
              "column": 33
            },
            "end": {
              "line": 83,
              "column": 49
            }
          }
        ],
        "line": 83
      },
      "3": {
        "loc": {
          "start": {
            "line": 84,
            "column": 2
          },
          "end": {
            "line": 86,
            "column": 3
          }
        },
        "type": "if",
        "locations": [
          {
            "start": {
              "line": 84,
              "column": 2
            },
            "end": {
              "line": 86,
              "column": 3
            }
          },
          {
            "start": {},
            "end": {}
          }
        ],
        "line": 84
      },
      "4": {
        "loc": {
          "start": {
            "line": 84,
            "column": 6
          },
          "end": {
            "line": 84,
            "column": 53
          }
        },
        "type": "binary-expr",
        "locations": [
          {
            "start": {
              "line": 84,
              "column": 6
            },
            "end": {
              "line": 84,
              "column": 21
            }
          },
          {
            "start": {
              "line": 84,
              "column": 25
            },
            "end": {
              "line": 84,
              "column": 53
            }
          }
        ],
        "line": 84
      },
      "5": {
        "loc": {
          "start": {
            "line": 163,
            "column": 0
          },
          "end": {
            "line": 179,
            "column": 1
          }
        },
        "type": "if",
        "locations": [
          {
            "start": {
              "line": 163,
              "column": 0
            },
            "end": {
              "line": 179,
              "column": 1
            }
          },
          {
            "start": {},
            "end": {}
          }
        ],
        "line": 163
      },
      "6": {
        "loc": {
          "start": {
            "line": 172,
            "column": 6
          },
          "end": {
            "line": 173,
            "column": 15
          }
        },
        "type": "if",
        "locations": [
          {
            "start": {
              "line": 172,
              "column": 6
            },
            "end": {
              "line": 173,
              "column": 15
            }
          },
          {
            "start": {},
            "end": {}
          }
        ],
        "line": 172
      },
      "7": {
        "loc": {
          "start": {
            "line": 175,
            "column": 6
          },
          "end": {
            "line": 176,
            "column": 54
          }
        },
        "type": "if",
        "locations": [
          {
            "start": {
              "line": 175,
              "column": 6
            },
            "end": {
              "line": 176,
              "column": 54
            }
          },
          {
            "start": {},
            "end": {}
          }
        ],
        "line": 175
      }
    },
    "s": {
      "0": 5,
      "1": 5,
      "2": 0,
      "3": 5,
      "4": 5,
      "5": 5,
      "6": 5,
      "7": 5,
      "8": 5,
      "9": 5,
      "10": 5,
      "11": 5,
      "12": 5,
      "13": 5,
      "14": 5,
      "15": 5,
      "16": 5,
      "17": 5,
      "18": 25,
      "19": 5,
      "20": 5,
      "21": 5,
      "22": 5,
      "23": 10,
      "24": 10,
      "25": 10,
      "26": 5,
      "27": 5,
      "28": 5,
      "29": 5,
      "30": 5,
      "31": 5,
      "32": 4,
      "33": 4,
      "34": 0,
      "35": 0,
      "36": 0,
      "37": 0,
      "38": 0
    },
    "f": {
      "0": 5,
      "1": 5,
      "2": 25,
      "3": 10,
      "4": 4,
      "5": 0
    },
    "b": {
      "0": [
        5,
        0
      ],
      "1": [
        0,
        5
      ],
      "2": [
        5,
        0
      ],
      "3": [
        5,
        0
      ],
      "4": [
        5,
        0
      ],
      "5": [
        5,
        0
      ],
      "6": [
        0,
        0
      ],
      "7": [
        0,
        0
      ]
    },
    "inputSourceMap": {
      "version": 3,
      "mappings": "AAUI,mBACE,cADF;;;;;;;;;;;;;;;;;;;;;;;;;;;;;;;;;;;;;;;;;;;;;;;;;;;;;;;;;;;;;;;;;;;;;;;;;;;;;;;;;;;;;;;;AAKQA;AAAA;AAAAC;AAAA;AAAA;AAAA;AAAAD;AAfZ,SAASE,eAAe;AACxB,SAASC,YAAY;AACrB,SAASC,gBAAgB;AACzB,SAASC,OAAOC,cAAc;AAC9B,SAASC,cAAc;AACvB,SAASC,gBAAgB;AACCR;AAEnB,aAAMS,MAAgBA,MAAM;AAAAT;AAAAA;AACjC,SACE,mCACE;AAAA,2BAAC,YAAD;AAAA;AAAA;AAAA;AAAA,WAAO;AAAA,IACP,uBAAC,UACC;AAAA,6BAAC,SAAM,MAAK,KAAI,SAAS,uBAAC,UAAD;AAAA;AAAA;AAAA;AAAA,aAAK,KAA9B;AAAA;AAAA;AAAA;AAAA,aAAkC;AAAA,MAClC,uBAAC,SAAM,MAAK,UAAS,SAAS,uBAAC,aAAD;AAAA;AAAA;AAAA;AAAA,aAAQ,KAAtC;AAAA;AAAA;AAAA;AAAA,aAA0C;AAAA,MAC1C,uBAAC,SAAM,MAAK,UAAS,SAAS,uBAAC,cAAD;AAAA;AAAA;AAAA;AAAA,aAAS,KAAvC;AAAA;AAAA;AAAA;AAAA,aAA2C;AAAA,MAC3C,uBAAC,SAAM,MAAK,MAAK,SAAS,uBAAC,cAAD;AAAA;AAAA;AAAA;AAAA,aAAS,KAAnC;AAAA;AAAA;AAAA;AAAA,aAAuC;AAAA,SAJzC;AAAA;AAAA;AAAA;AAAA,WAKA;AAAA,OAPF;AAAA;AAAA;AAAA;AAAA,SAQA;AAEJ;AAAEU,KAZWD;AAAa;AAAAE",
      "names": [
        "cov_sjak2w032",
        "actualCoverage",
        "AboutUs",
        "Home",
        "NotFound",
        "Route",
        "Routes",
        "NavBar",
        "FormPage",
        "App",
        "_c",
        "$RefreshReg$"
      ],
      "sources": [
        "C:/Users/Administrator.DESKTOP-C87CPRE/Documents/rsSchool-REACT/cross-chek/react-rs/src/App.tsx"
      ],
      "file": "C:/Users/Administrator.DESKTOP-C87CPRE/Documents/rsSchool-REACT/cross-chek/react-rs/src/App.tsx"
    },
    "_coverageSchema": "1a1c01bbd47fc00a2c39e90264f33305004495a9",
    "hash": "5b2889a2301658d3b593d319160518f37d408c43"
  },
  "C:\\Users\\Administrator.DESKTOP-C87CPRE\\Documents\\rsSchool-REACT\\cross-chek\\react-rs\\src\\App.tsx": {
    "path": "C:\\Users\\Administrator.DESKTOP-C87CPRE\\Documents\\rsSchool-REACT\\cross-chek\\react-rs\\src\\App.tsx",
    "statementMap": {
      "0": {
        "start": {
          "line": 9,
          "column": 29
        },
        "end": {
          "line": 21,
          "column": 1
        }
      },
      "1": {
        "start": {
          "line": 10,
          "column": 2
        },
        "end": {
          "line": 20,
          "column": 4
        }
      }
    },
    "fnMap": {
      "0": {
        "name": "(anonymous_0)",
        "decl": {
          "start": {
            "line": 9,
            "column": 29
          },
          "end": {
            "line": 9,
            "column": 30
          }
        },
        "loc": {
          "start": {
            "line": 9,
            "column": 35
          },
          "end": {
            "line": 21,
            "column": 1
          }
        },
        "line": 9
      }
    },
    "branchMap": {},
    "s": {
      "0": 5,
      "1": 10
    },
    "f": {
      "0": 10
    },
    "b": {},
    "_coverageSchema": "1a1c01bbd47fc00a2c39e90264f33305004495a9",
    "hash": "214182ba1b24be85f2d09deabbaa95322ee9dbe3"
  },
  "C:/Users/Administrator.DESKTOP-C87CPRE/Documents/rsSchool-REACT/cross-chek/react-rs/src/entry-client.tsx": {
    "path": "C:/Users/Administrator.DESKTOP-C87CPRE/Documents/rsSchool-REACT/cross-chek/react-rs/src/entry-client.tsx",
    "statementMap": {
      "0": {
        "start": {
          "line": 3,
          "column": 13
        },
        "end": {
          "line": 3,
          "column": 127
        }
      },
      "1": {
        "start": {
          "line": 4,
          "column": 13
        },
        "end": {
          "line": 4,
          "column": 55
        }
      },
      "2": {
        "start": {
          "line": 5,
          "column": 15
        },
        "end": {
          "line": 5,
          "column": 44
        }
      },
      "3": {
        "start": {
          "line": 6,
          "column": 12
        },
        "end": {
          "line": 6,
          "column": 26
        }
      },
      "4": {
        "start": {
          "line": 7,
          "column": 21
        },
        "end": {
          "line": 41,
          "column": 3
        }
      },
      "5": {
        "start": {
          "line": 42,
          "column": 17
        },
        "end": {
          "line": 42,
          "column": 50
        }
      },
      "6": {
        "start": {
          "line": 43,
          "column": 2
        },
        "end": {
          "line": 45,
          "column": 3
        }
      },
      "7": {
        "start": {
          "line": 44,
          "column": 4
        },
        "end": {
          "line": 44,
          "column": 34
        }
      },
      "8": {
        "start": {
          "line": 46,
          "column": 23
        },
        "end": {
          "line": 46,
          "column": 37
        }
      },
      "9": {
        "start": {
          "line": 48,
          "column": 4
        },
        "end": {
          "line": 50,
          "column": 6
        }
      },
      "10": {
        "start": {
          "line": 49,
          "column": 6
        },
        "end": {
          "line": 49,
          "column": 28
        }
      },
      "11": {
        "start": {
          "line": 52,
          "column": 2
        },
        "end": {
          "line": 52,
          "column": 24
        }
      },
      "12": {
        "start": {
          "line": 54,
          "column": 0
        },
        "end": {
          "line": 54,
          "column": 16
        }
      },
      "13": {
        "start": {
          "line": 62,
          "column": 15
        },
        "end": {
          "line": 62,
          "column": 51
        }
      },
      "14": {
        "start": {
          "line": 63,
          "column": 0
        },
        "end": {
          "line": 63,
          "column": 23
        }
      },
      "15": {
        "start": {
          "line": 64,
          "column": 0
        },
        "end": {
          "line": 80,
          "column": 10
        }
      }
    },
    "fnMap": {
      "0": {
        "name": "cov_lmiwogh6u",
        "decl": {
          "start": {
            "line": 2,
            "column": 9
          },
          "end": {
            "line": 2,
            "column": 22
          }
        },
        "loc": {
          "start": {
            "line": 2,
            "column": 25
          },
          "end": {
            "line": 53,
            "column": 1
          }
        },
        "line": 2
      },
      "1": {
        "name": "(anonymous_1)",
        "decl": {
          "start": {
            "line": 48,
            "column": 20
          },
          "end": {
            "line": 48,
            "column": 21
          }
        },
        "loc": {
          "start": {
            "line": 48,
            "column": 31
          },
          "end": {
            "line": 50,
            "column": 5
          }
        },
        "line": 48
      }
    },
    "branchMap": {
      "0": {
        "loc": {
          "start": {
            "line": 42,
            "column": 17
          },
          "end": {
            "line": 42,
            "column": 50
          }
        },
        "type": "binary-expr",
        "locations": [
          {
            "start": {
              "line": 42,
              "column": 17
            },
            "end": {
              "line": 42,
              "column": 28
            }
          },
          {
            "start": {
              "line": 42,
              "column": 33
            },
            "end": {
              "line": 42,
              "column": 49
            }
          }
        ],
        "line": 42
      },
      "1": {
        "loc": {
          "start": {
            "line": 43,
            "column": 2
          },
          "end": {
            "line": 45,
            "column": 3
          }
        },
        "type": "if",
        "locations": [
          {
            "start": {
              "line": 43,
              "column": 2
            },
            "end": {
              "line": 45,
              "column": 3
            }
          },
          {
            "start": {},
            "end": {}
          }
        ],
        "line": 43
      },
      "2": {
        "loc": {
          "start": {
            "line": 43,
            "column": 6
          },
          "end": {
            "line": 43,
            "column": 53
          }
        },
        "type": "binary-expr",
        "locations": [
          {
            "start": {
              "line": 43,
              "column": 6
            },
            "end": {
              "line": 43,
              "column": 21
            }
          },
          {
            "start": {
              "line": 43,
              "column": 25
            },
            "end": {
              "line": 43,
              "column": 53
            }
          }
        ],
        "line": 43
      }
    },
    "s": {
      "0": 5,
      "1": 5,
      "2": 5,
      "3": 5,
      "4": 5,
      "5": 5,
      "6": 5,
      "7": 5,
      "8": 5,
      "9": 5,
      "10": 10,
      "11": 5,
      "12": 5,
      "13": 5,
      "14": 5,
      "15": 5
    },
    "f": {
      "0": 5,
      "1": 10
    },
    "b": {
      "0": [
        5,
        0
      ],
      "1": [
        5,
        0
      ],
      "2": [
        5,
        0
      ]
    },
    "inputSourceMap": {
      "version": 3,
      "mappings": "AAeQ;;;;;;;;;;;;;;;;;;;;;;;;;;;;;;;;;;;;;;;;;;;;;;;AAAIA;AAAA;AAAAC;AAAA;AAAA;AAAA;AAAAD;AAfZ,OAAOE,WAAW;AAClB,OAAOC,cAAc;AACrB,SAASC,gBAAgB;AACzB,SAASC,qBAAqB;AAC9B,SAASC,kBAAkB;AAC3B,SAASC,WAAW;AACpB,OAAO;AAEP,MAAMC,SAAKR,wBAAGM,WAAW;AAAEN;AAE3BG,SAASM,YACPC,SAASC,eAAe,MAAM,GAC9B,uBAAC,MAAM,YAAN,EACC,iCAAC,YAAS,OACR,iCAAC,iBACC,iCAAC,SAAD;AAAA;AAAA;AAAA;AAAA,OAAI,KADN;AAAA;AAAA;AAAA;AAAA,OAEA,KAHF;AAAA;AAAA;AAAA;AAAA,OAIA,KALF;AAAA;AAAA;AAAA;AAAA,OAMA,CACF",
      "names": [
        "cov_lmiwogh6u",
        "actualCoverage",
        "React",
        "ReactDOM",
        "Provider",
        "BrowserRouter",
        "setupStore",
        "App",
        "store",
        "hydrateRoot",
        "document",
        "getElementById"
      ],
      "sources": [
        "C:/Users/Administrator.DESKTOP-C87CPRE/Documents/rsSchool-REACT/cross-chek/react-rs/src/entry-client.tsx"
      ],
      "file": "C:/Users/Administrator.DESKTOP-C87CPRE/Documents/rsSchool-REACT/cross-chek/react-rs/src/entry-client.tsx"
    },
    "_coverageSchema": "1a1c01bbd47fc00a2c39e90264f33305004495a9",
    "hash": "8323f861a0df0ae0975d8fd2f7e4bd72fcbe260f"
  },
  "C:\\Users\\Administrator.DESKTOP-C87CPRE\\Documents\\rsSchool-REACT\\cross-chek\\react-rs\\src\\entry-client.tsx": {
    "path": "C:\\Users\\Administrator.DESKTOP-C87CPRE\\Documents\\rsSchool-REACT\\cross-chek\\react-rs\\src\\entry-client.tsx",
    "statementMap": {
      "0": {
        "start": {
          "line": 9,
          "column": 14
        },
        "end": {
          "line": 9,
          "column": 26
        }
      },
      "1": {
        "start": {
          "line": 11,
          "column": 0
        },
        "end": {
          "line": 20,
          "column": 2
        }
      }
    },
    "fnMap": {},
    "branchMap": {},
    "s": {
      "0": 5,
      "1": 5
    },
    "f": {},
    "b": {},
    "_coverageSchema": "1a1c01bbd47fc00a2c39e90264f33305004495a9",
    "hash": "9289ce3c7d83337fc9d380bfa9813daedf68026b"
  }
}